# JRE version: OpenJDK Runtime Environment Temurin-21.0.10+7 (21.0.10+7) (build 21.0.10+7-LTS)
# Java VM: OpenJDK 64-Bit Server VM Temurin-21.0.10+7 (21.0.10+7-LTS, mixed mode, sharing, tiered, compressed oops, compressed class ptrs, g1 gc, windows-amd64)
GC Precious Log:
 CardTable entry size: 512
 Card Set container configuration: InlinePtr #cards 5 size 8 Array Of Cards #cards 12 size 40 Howl #buckets 4 coarsen threshold 1843 Howl Bitmap #cards 512 size 80 coarsen threshold 460 Card regions per heap region 1 cards per card region 2048
 CPUs: 8 total, 8 available
 Memory: 7926M
 Large Page Support: Disabled
 NUMA Support: Disabled
 Compressed Oops: Enabled (32-bit)
 Heap Region Size: 1M
 Heap Min Capacity: 8M
 Heap Initial Capacity: 124M
 Heap Max Capacity: 2G
 Pre-touch: Disabled
 Parallel Workers: 8
 Concurrent Workers: 2
 Concurrent Refinement Workers: 8
 Periodic GC: Disabled
Heap:
 garbage-first heap   total 158720K, used 133973K [0x0000000080000000, 0x0000000100000000)
  region size 1024K, 42 young (43008K), 7 survivors (7168K)
 Metaspace       used 97057K, committed 99584K, reserved 557056K
  class space    used 13668K, committed 14912K, reserved 425984K
GC Heap History (20 events):
Event: 24.673 GC heap before
{Heap before GC invocations=30 (full 0):
 garbage-first heap   total 114688K, used 105164K [0x0000000080000000, 0x0000000100000000)
  region size 1024K, 37 young (37888K), 2 survivors (2048K)
 Metaspace       used 76522K, committed 78720K, reserved 557056K
  class space    used 11007K, committed 12096K, reserved 425984K
}
Event: 24.677 GC heap after
{Heap after GC invocations=31 (full 0):
 garbage-first heap   total 114688K, used 71173K [0x0000000080000000, 0x0000000100000000)
  region size 1024K, 5 young (5120K), 5 survivors (5120K)
 Metaspace       used 76522K, committed 78720K, reserved 557056K
  class space    used 11007K, committed 12096K, reserved 425984K
}
Event: 25.229 GC heap before
{Heap before GC invocations=31 (full 0):
 garbage-first heap   total 114688K, used 102917K [0x0000000080000000, 0x0000000100000000)
  region size 1024K, 37 young (37888K), 5 survivors (5120K)
 Metaspace       used 77939K, committed 80192K, reserved 557056K
  class space    used 11203K, committed 12352K, reserved 425984K
}
Event: 25.235 GC heap after
{Heap after GC invocations=32 (full 0):
 garbage-first heap   total 114688K, used 74251K [0x0000000080000000, 0x0000000100000000)
  region size 1024K, 5 young (5120K), 5 survivors (5120K)
 Metaspace       used 77939K, committed 80192K, reserved 557056K
  class space    used 11203K, committed 12352K, reserved 425984K
}
Event: 25.948 GC heap before
{Heap before GC invocations=33 (full 0):
 garbage-first heap   total 126976K, used 103947K [0x0000000080000000, 0x0000000100000000)
  region size 1024K, 34 young (34816K), 5 survivors (5120K)
 Metaspace       used 79510K, committed 81792K, reserved 557056K
  class space    used 11480K, committed 12608K, reserved 425984K
}
Event: 25.957 GC heap after
{Heap after GC invocations=34 (full 0):
 garbage-first heap   total 126976K, used 76898K [0x0000000080000000, 0x0000000100000000)
  region size 1024K, 4 young (4096K), 4 survivors (4096K)
 Metaspace       used 79510K, committed 81792K, reserved 557056K
  class space    used 11480K, committed 12608K, reserved 425984K
}
Event: 27.510 GC heap before
{Heap before GC invocations=34 (full 0):
 garbage-first heap   total 126976K, used 112738K [0x0000000080000000, 0x0000000100000000)
  region size 1024K, 40 young (40960K), 4 survivors (4096K)
 Metaspace       used 82671K, committed 84992K, reserved 557056K
  class space    used 11972K, committed 13120K, reserved 425984K
}
Event: 27.518 GC heap after
{Heap after GC invocations=35 (full 0):
 garbage-first heap   total 126976K, used 79178K [0x0000000080000000, 0x0000000100000000)
  region size 1024K, 4 young (4096K), 4 survivors (4096K)
 Metaspace       used 82671K, committed 84992K, reserved 557056K
  class space    used 11972K, committed 13120K, reserved 425984K
}
Event: 28.795 GC heap before
{Heap before GC invocations=35 (full 0):
 garbage-first heap   total 126976K, used 113994K [0x0000000080000000, 0x0000000100000000)
  region size 1024K, 39 young (39936K), 4 survivors (4096K)
 Metaspace       used 85087K, committed 87360K, reserved 557056K
  class space    used 12368K, committed 13504K, reserved 425984K
}
Event: 28.802 GC heap after
{Heap after GC invocations=36 (full 0):
 garbage-first heap   total 126976K, used 82934K [0x0000000080000000, 0x0000000100000000)
  region size 1024K, 4 young (4096K), 4 survivors (4096K)
 Metaspace       used 85087K, committed 87360K, reserved 557056K
  class space    used 12368K, committed 13504K, reserved 425984K
}
Event: 30.930 GC heap before
{Heap before GC invocations=37 (full 0):
 garbage-first heap   total 140288K, used 114678K [0x0000000080000000, 0x0000000100000000)
  region size 1024K, 36 young (36864K), 4 survivors (4096K)
 Metaspace       used 88719K, committed 91200K, reserved 557056K
  class space    used 12857K, committed 14080K, reserved 425984K
}
Event: 30.938 GC heap after
{Heap after GC invocations=38 (full 0):
 garbage-first heap   total 140288K, used 86570K [0x0000000080000000, 0x0000000100000000)
  region size 1024K, 4 young (4096K), 4 survivors (4096K)
 Metaspace       used 88719K, committed 91200K, reserved 557056K
  class space    used 12857K, committed 14080K, reserved 425984K
}
Event: 45.701 GC heap before
{Heap before GC invocations=38 (full 0):
 garbage-first heap   total 140288K, used 131626K [0x0000000080000000, 0x0000000100000000)
  region size 1024K, 44 young (45056K), 4 survivors (4096K)
 Metaspace       used 93337K, committed 95680K, reserved 557056K
  class space    used 13253K, committed 14400K, reserved 425984K
}
Event: 45.710 GC heap after
{Heap after GC invocations=39 (full 0):
 garbage-first heap   total 142336K, used 90648K [0x0000000080000000, 0x0000000100000000)
  region size 1024K, 3 young (3072K), 3 survivors (3072K)
 Metaspace       used 93337K, committed 95680K, reserved 557056K
  class space    used 13253K, committed 14400K, reserved 425984K
}
Event: 59.622 GC heap before
{Heap before GC invocations=39 (full 0):
 garbage-first heap   total 142336K, used 126488K [0x0000000080000000, 0x0000000100000000)
  region size 1024K, 40 young (40960K), 3 survivors (3072K)
 Metaspace       used 94511K, committed 96896K, reserved 557056K
  class space    used 13381K, committed 14528K, reserved 425984K
}
Event: 59.630 GC heap after
{Heap after GC invocations=40 (full 0):
 garbage-first heap   total 142336K, used 94208K [0x0000000080000000, 0x0000000100000000)
  region size 1024K, 6 young (6144K), 6 survivors (6144K)
 Metaspace       used 94511K, committed 96896K, reserved 557056K
  class space    used 13381K, committed 14528K, reserved 425984K
}
Event: 70.145 GC heap before
{Heap before GC invocations=41 (full 0):
 garbage-first heap   total 158720K, used 132096K [0x0000000080000000, 0x0000000100000000)
  region size 1024K, 42 young (43008K), 6 survivors (6144K)
 Metaspace       used 95948K, committed 98432K, reserved 557056K
  class space    used 13569K, committed 14784K, reserved 425984K
}
Event: 70.153 GC heap after
{Heap after GC invocations=42 (full 0):
 garbage-first heap   total 158720K, used 96124K [0x0000000080000000, 0x0000000100000000)
  region size 1024K, 3 young (3072K), 3 survivors (3072K)
 Metaspace       used 95948K, committed 98432K, reserved 557056K
  class space    used 13569K, committed 14784K, reserved 425984K
}
Event: 71.299 GC heap before
{Heap before GC invocations=42 (full 0):
 garbage-first heap   total 158720K, used 144252K [0x0000000080000000, 0x0000000100000000)
  region size 1024K, 50 young (51200K), 3 survivors (3072K)
 Metaspace       used 96691K, committed 99200K, reserved 557056K
  class space    used 13659K, committed 14912K, reserved 425984K
}
Event: 71.310 GC heap after
{Heap after GC invocations=43 (full 0):
 garbage-first heap   total 158720K, used 100181K [0x0000000080000000, 0x0000000100000000)
  region size 1024K, 7 young (7168K), 7 survivors (7168K)
 Metaspace       used 96691K, committed 99200K, reserved 557056K
  class space    used 13659K, committed 14912K, reserved 425984K
}

